<?xml version="1.0" encoding="UTF-8"?>
<testng-results ignored="0" total="2" passed="2" failed="0" skipped="0">
  <reporter-output>
  </reporter-output>
  <suite started-at="2025-02-08T14:35:56 IST" name="SauceDemoTestSuite" finished-at="2025-02-08T14:35:57 IST" duration-ms="1164">
    <groups>
    </groups>
    <test started-at="2025-02-08T14:35:56 IST" name="LoginTest" finished-at="2025-02-08T14:35:57 IST" duration-ms="1164">
      <class name="com.selenium.testcases.LoginTest">
        <test-method is-config="true" signature="setup()[pri:0, instance:com.selenium.testcases.LoginTest@96def03]" started-at="2025-02-08T14:35:53 IST" name="setup" finished-at="2025-02-08T14:35:56 IST" duration-ms="2733" status="PASS">
          <reporter-output>
          </reporter-output>
        </test-method> <!-- setup -->
        <test-method is-config="true" signature="openLoginPage()[pri:0, instance:com.selenium.testcases.LoginTest@96def03]" started-at="2025-02-08T14:35:56 IST" name="openLoginPage" finished-at="2025-02-08T14:35:56 IST" duration-ms="40" status="PASS">
          <reporter-output>
          </reporter-output>
        </test-method> <!-- openLoginPage -->
        <test-method signature="testInvalidLogin(java.lang.String,java.lang.String)[pri:0, instance:com.selenium.testcases.LoginTest@96def03]" started-at="2025-02-08T14:35:56 IST" name="testInvalidLogin" finished-at="2025-02-08T14:35:56 IST" duration-ms="580" status="PASS">
          <params>
            <param index="0">
              <value>
                <![CDATA[standard_Invaliduser]]>
              </value>
            </param>
            <param index="1">
              <value>
                <![CDATA[secret_Invalidpwd]]>
              </value>
            </param>
          </params>
          <reporter-output>
          </reporter-output>
        </test-method> <!-- testInvalidLogin -->
        <test-method is-config="true" signature="cleanUp()[pri:0, instance:com.selenium.testcases.LoginTest@96def03]" started-at="2025-02-08T14:35:56 IST" name="cleanUp" finished-at="2025-02-08T14:35:57 IST" duration-ms="5" status="PASS">
          <reporter-output>
          </reporter-output>
        </test-method> <!-- cleanUp -->
        <test-method is-config="true" signature="openLoginPage()[pri:0, instance:com.selenium.testcases.LoginTest@96def03]" started-at="2025-02-08T14:35:57 IST" name="openLoginPage" finished-at="2025-02-08T14:35:57 IST" duration-ms="32" status="PASS">
          <reporter-output>
          </reporter-output>
        </test-method> <!-- openLoginPage -->
        <test-method signature="testValidLogin(java.lang.String,java.lang.String)[pri:0, instance:com.selenium.testcases.LoginTest@96def03]" started-at="2025-02-08T14:35:57 IST" name="testValidLogin" finished-at="2025-02-08T14:35:57 IST" duration-ms="471" status="PASS">
          <params>
            <param index="0">
              <value>
                <![CDATA[standard_user]]>
              </value>
            </param>
            <param index="1">
              <value>
                <![CDATA[secret_sauce]]>
              </value>
            </param>
          </params>
          <reporter-output>
          </reporter-output>
        </test-method> <!-- testValidLogin -->
        <test-method is-config="true" signature="cleanUp()[pri:0, instance:com.selenium.testcases.LoginTest@96def03]" started-at="2025-02-08T14:35:57 IST" name="cleanUp" finished-at="2025-02-08T14:35:57 IST" duration-ms="6" status="PASS">
          <reporter-output>
          </reporter-output>
        </test-method> <!-- cleanUp -->
        <test-method is-config="true" signature="tearDown()[pri:0, instance:com.selenium.testcases.LoginTest@96def03]" started-at="2025-02-08T14:35:57 IST" name="tearDown" finished-at="2025-02-08T14:35:57 IST" duration-ms="105" status="PASS">
          <reporter-output>
          </reporter-output>
        </test-method> <!-- tearDown -->
      </class> <!-- com.selenium.testcases.LoginTest -->
    </test> <!-- LoginTest -->
  </suite> <!-- SauceDemoTestSuite -->
</testng-results>
