<?xml version="1.0" encoding="UTF-8"?>
<!-- Generated by org.testng.reporters.JUnitReportReporter -->
<testsuite hostname="Arpitas-MacBook-Air.local" failures="0" tests="2" name="com.selenium.testcases.LoginTest" time="1.134" errors="0" timestamp="2025-02-08T14:35:57 IST" skipped="0">
  <testcase classname="com.selenium.testcases.LoginTest" name="testValidLogin" time="0.517"/>
  <testcase classname="com.selenium.testcases.LoginTest" name="testInvalidLogin" time="0.617"/>
</testsuite> <!-- com.selenium.testcases.LoginTest -->
